Unity Editor version:    2021.3.35f1 (157b46ce122a)
Branch:                  2021.3/staging
Build type:              Release
Batch mode:              YES
macOS version:           Version 13.5 (Build 22G74)
Darwin version:          22.6.0
Architecture:            arm64
Running under Rosetta:   NO
Available memory:        8192 MB
Using pre-set license
Pro License: YES

COMMAND LINE ARGUMENTS:
/Applications/Unity/Hub/Editor/2021.3.35f1/Unity.app/Contents/MacOS/Unity
-adb2
-batchMode
-noUpm
-name
AssetImportWorker0
-projectPath
/Users/macos/Desktop/Operator/Gu2311R1Unity/My project
-logFile
Logs/AssetImportWorker0.log
-srvPort
50722
Successfully changed project path to: /Users/macos/Desktop/Operator/Gu2311R1Unity/My project
/Users/macos/Desktop/Operator/Gu2311R1Unity/My project
[UnityMemory] Configuration Parameters - Can be set up in boot.config
    "memorysetup-bucket-allocator-granularity=16"
    "memorysetup-bucket-allocator-bucket-count=8"
    "memorysetup-bucket-allocator-block-size=33554432"
    "memorysetup-bucket-allocator-block-count=8"
    "memorysetup-main-allocator-block-size=16777216"
    "memorysetup-thread-allocator-block-size=16777216"
    "memorysetup-gfx-main-allocator-block-size=16777216"
    "memorysetup-gfx-thread-allocator-block-size=16777216"
    "memorysetup-cache-allocator-block-size=4194304"
    "memorysetup-typetree-allocator-block-size=2097152"
    "memorysetup-profiler-bucket-allocator-granularity=16"
    "memorysetup-profiler-bucket-allocator-bucket-count=8"
    "memorysetup-profiler-bucket-allocator-block-size=33554432"
    "memorysetup-profiler-bucket-allocator-block-count=8"
    "memorysetup-profiler-allocator-block-size=16777216"
    "memorysetup-profiler-editor-allocator-block-size=1048576"
    "memorysetup-temp-allocator-size-main=16777216"
    "memorysetup-job-temp-allocator-block-size=2097152"
    "memorysetup-job-temp-allocator-block-size-background=1048576"
    "memorysetup-job-temp-allocator-reduction-small-platforms=262144"
    "memorysetup-temp-allocator-size-background-worker=32768"
    "memorysetup-temp-allocator-size-job-worker=262144"
    "memorysetup-temp-allocator-size-preload-manager=33554432"
    "memorysetup-temp-allocator-size-nav-mesh-worker=65536"
    "memorysetup-temp-allocator-size-audio-worker=65536"
    "memorysetup-temp-allocator-size-cloud-worker=32768"
    "memorysetup-temp-allocator-size-gi-baking-worker=262144"
    "memorysetup-temp-allocator-size-gfx=262144"
Player connection [8281677952] Host "[IP] 192.168.1.16 [Port] 0 [Flags] 2 [Guid] 2301873369 [EditorId] 2301873369 [Version] 1048832 [Id] OSXEditor(0,MacBook-Pro-cua-The-Hien.local) [Debug] 1 [PackageName] OSXEditor [ProjectName] Editor" joined multi-casting on [225.0.0.222:54997]...

Player connection [8281677952] Host "[IP] 192.168.1.16 [Port] 0 [Flags] 2 [Guid] 2301873369 [EditorId] 2301873369 [Version] 1048832 [Id] OSXEditor(0,MacBook-Pro-cua-The-Hien.local) [Debug] 1 [PackageName] OSXEditor [ProjectName] Editor" joined alternative multi-casting on [225.0.0.222:34997]...

[Physics::Module] Initialized MultithreadedJobDispatcher with {0} workers.
Refreshing native plugins compatible for Editor in 72.50 ms, found 2 plugins.
Preloading 0 native plugins for Editor in 0.00 ms.
Initialize engine version: 2021.3.35f1 (157b46ce122a)
[Subsystems] Discovering subsystems at path /Applications/Unity/Hub/Editor/2021.3.35f1/Unity.app/Contents/Resources/UnitySubsystems
[Subsystems] Discovering subsystems at path /Users/macos/Desktop/Operator/Gu2311R1Unity/My project/Assets
GfxDevice: creating device client; threaded=0; jobified=0
 preferred device: Apple M1 (high power)
Metal devices available: 1
0: Apple M1 (high power)
Using device Apple M1 (high power)
Initializing Metal device caps: Apple M1
Initialize mono
Mono path[0] = '/Applications/Unity/Hub/Editor/2021.3.35f1/Unity.app/Contents/Managed'
Mono path[1] = '/Applications/Unity/Hub/Editor/2021.3.35f1/Unity.app/Contents/MonoBleedingEdge/lib/mono/unityjit-macos'
Mono config path = '/Applications/Unity/Hub/Editor/2021.3.35f1/Unity.app/Contents/MonoBleedingEdge/etc'
Using monoOptions --debugger-agent=transport=dt_socket,embedding=1,server=y,suspend=n,address=127.0.0.1:56432
Begin MonoManager ReloadAssembly
Registering precompiled unity dll's ...
Register platform support module: /Applications/Unity/Hub/Editor/2021.3.35f1/Unity.app/Contents/PlaybackEngines/MacStandaloneSupport/UnityEditor.OSXStandalone.Extensions.dll
Registered in 0.001199 seconds.
Native extension for OSXStandalone target not found
Refreshing native plugins compatible for Editor in 55.95 ms, found 2 plugins.
Preloading 0 native plugins for Editor in 0.00 ms.
Mono: successfully reloaded assembly
- Completed reload, in  0.439 seconds
Domain Reload Profiling:
	ReloadAssembly (439ms)
		BeginReloadAssembly (74ms)
			ExecutionOrderSort (0ms)
			DisableScriptedObjects (0ms)
			BackupInstance (0ms)
			ReleaseScriptingObjects (0ms)
			CreateAndSetChildDomain (1ms)
		EndReloadAssembly (309ms)
			LoadAssemblies (74ms)
			RebuildTransferFunctionScriptingTraits (1ms)
			SetupTypeCache (75ms)
			ReleaseScriptCaches (0ms)
			RebuildScriptCaches (19ms)
			SetupLoadedEditorAssemblies (187ms)
				LogAssemblyErrors (0ms)
				InitializePlatformSupportModulesInManaged (3ms)
				SetLoadedEditorAssemblies (0ms)
				RefreshPlugins (56ms)
				BeforeProcessingInitializeOnLoad (1ms)
				ProcessInitializeOnLoadAttributes (102ms)
				ProcessInitializeOnLoadMethodAttributes (25ms)
				AfterProcessingInitializeOnLoad (0ms)
				EditorAssembliesLoaded (0ms)
			ExecutionOrderSort2 (0ms)
			AwakeInstancesAfterBackupRestoration (0ms)
Platform modules already initialized, skipping
Registering precompiled user dll's ...
Registered in 0.004046 seconds.
Begin MonoManager ReloadAssembly
Native extension for OSXStandalone target not found
Refreshing native plugins compatible for Editor in 0.24 ms, found 2 plugins.
Preloading 0 native plugins for Editor in 0.00 ms.
Package Manager log level set to [2]
[Package Manager] Server::EnsureServerProcessIsRunning -- launch failed, reason: Unity was launched with the -noUpm command-line argument
[Package Manager] Cannot connect to Unity Package Manager local server
Mono: successfully reloaded assembly
- Completed reload, in  0.650 seconds
Domain Reload Profiling:
	ReloadAssembly (650ms)
		BeginReloadAssembly (66ms)
			ExecutionOrderSort (0ms)
			DisableScriptedObjects (3ms)
			BackupInstance (0ms)
			ReleaseScriptingObjects (0ms)
			CreateAndSetChildDomain (16ms)
		EndReloadAssembly (522ms)
			LoadAssemblies (56ms)
			RebuildTransferFunctionScriptingTraits (0ms)
			SetupTypeCache (170ms)
			ReleaseScriptCaches (0ms)
			RebuildScriptCaches (33ms)
			SetupLoadedEditorAssemblies (245ms)
				LogAssemblyErrors (0ms)
				InitializePlatformSupportModulesInManaged (2ms)
				SetLoadedEditorAssemblies (0ms)
				RefreshPlugins (0ms)
				BeforeProcessingInitializeOnLoad (45ms)
				ProcessInitializeOnLoadAttributes (185ms)
				ProcessInitializeOnLoadMethodAttributes (11ms)
				AfterProcessingInitializeOnLoad (1ms)
				EditorAssembliesLoaded (0ms)
			ExecutionOrderSort2 (0ms)
			AwakeInstancesAfterBackupRestoration (2ms)
Platform modules already initialized, skipping
========================================================================
Worker process is ready to serve import requests
Launching external process: /Applications/Unity/Hub/Editor/2021.3.35f1/Unity.app/Contents/Tools/UnityShaderCompiler
Launched and connected shader compiler UnityShaderCompiler after 0.16 seconds
Refreshing native plugins compatible for Editor in 0.29 ms, found 2 plugins.
Preloading 0 native plugins for Editor in 0.00 ms.
Unloading 3068 Unused Serialized files (Serialized files now loaded: 0)
Unloading 23 unused Assets / (40.2 KB). Loaded Objects now: 3528.
Memory consumption went from 102.7 MB to 102.7 MB.
Total: 5.800875 ms (FindLiveObjects: 0.124542 ms CreateObjectMapping: 0.038292 ms MarkObjects: 5.570375 ms  DeleteObjects: 0.067084 ms)

AssetImportParameters requested are different than current active one (requested -> active):
  custom:video-decoder-ogg-theora: a1e56fd34408186e4bbccfd4996cb3dc -> 
  custom:container-muxer-webm: aa71ff27fc2769a1b78a27578f13a17b -> 
  custom:container-demuxer-webm: 4f35f7cbe854078d1ac9338744f61a02 -> 
  custom:video-encoder-webm-vp8: eb34c28f22e8b96e1ab97ce403110664 -> 
  custom:framework-osx-AVFoundation: e770b220cccbd017edd2c1fefb359320 -> 
  custom:CustomObjectIndexerAttribute: bc11b3a6c3213fcdd17b65e7da85e133 -> 
  custom:audio-encoder-webm-vorbis: bf7c407c2cedff20999df2af8eb42d56 -> 
  custom:SearchIndexIgnoredProperties: e643bd26f0fe6173181afceb89e7c659 -> 
  custom:container-demuxer-ogg: 62fdf1f143b41e24485cea50d1cbac27 -> 
  custom:video-decoder-webm-vp8: 9c59270c3fd7afecdb556c50c9e8de78 -> 
  custom:audio-decoder-ogg-vorbis: bf7c407c2cedff20999df2af8eb42d56 -> 
========================================================================
Received Import Request.
  Time since last request: 905012.827437 seconds.
  path: Assets/Effects/Particles
  artifactKey: Guid(2d21d3dcb940a9841aff98736ace0197) Importer(815301076,1909f56bfc062723c751e8b465ee728b)
Number of updated assets reloaded before import = 0
Start importing Assets/Effects/Particles using Guid(2d21d3dcb940a9841aff98736ace0197) Importer(815301076,1909f56bfc062723c751e8b465ee728b)  -> (artifact id: 'a87380ebd13f9d76bc86523c27fd14fe') in 0.007934 seconds 
Number of asset objects unloaded after import = 0
========================================================================
Received Import Request.
  Time since last request: 1.134478 seconds.
  path: Assets/Effects/Particles/Part2_smoke.prefab
  artifactKey: Guid(7df833730d3ae8649b90a9f078ca4636) Importer(815301076,1909f56bfc062723c751e8b465ee728b)
Number of updated assets reloaded before import = 0
Start importing Assets/Effects/Particles/Part2_smoke.prefab using Guid(7df833730d3ae8649b90a9f078ca4636) Importer(815301076,1909f56bfc062723c751e8b465ee728b)  -> (artifact id: 'e27de8ebcfac279ad96934b079dadca0') in 0.598233 seconds 
Number of asset objects unloaded after import = 8
========================================================================
Received Import Request.
  Time since last request: 0.000070 seconds.
  path: Assets/Effects/Particles/Materials/Part1.mat
  artifactKey: Guid(6f1ddb2cb7882e94eb5e5e5eb7a78839) Importer(815301076,1909f56bfc062723c751e8b465ee728b)
Number of updated assets reloaded before import = 0
Start importing Assets/Effects/Particles/Materials/Part1.mat using Guid(6f1ddb2cb7882e94eb5e5e5eb7a78839) Importer(815301076,1909f56bfc062723c751e8b465ee728b)  -> (artifact id: 'eff5cb5a6252fa527580651796402ff8') in 0.055780 seconds 
Number of asset objects unloaded after import = 2
========================================================================
Received Import Request.
  Time since last request: 0.079540 seconds.
  path: Assets/Effects/Particles/Part1_car.prefab
  artifactKey: Guid(8ccb1b3f26423234ca5d7dd5e12d42bc) Importer(815301076,1909f56bfc062723c751e8b465ee728b)
Number of updated assets reloaded before import = 0
Start importing Assets/Effects/Particles/Part1_car.prefab using Guid(8ccb1b3f26423234ca5d7dd5e12d42bc) Importer(815301076,1909f56bfc062723c751e8b465ee728b)  -> (artifact id: '69a124e8d26d0cd5ef6352557a951e35') in 0.006304 seconds 
Number of asset objects unloaded after import = 8
========================================================================
Received Import Request.
  Time since last request: 0.045179 seconds.
  path: Assets/Effects/Particles/Part1_car.prefab
  artifactKey: Guid(8ccb1b3f26423234ca5d7dd5e12d42bc) Importer(815301076,1909f56bfc062723c751e8b465ee728b)
Number of updated assets reloaded before import = 0
Start importing Assets/Effects/Particles/Part1_car.prefab using Guid(8ccb1b3f26423234ca5d7dd5e12d42bc) Importer(815301076,1909f56bfc062723c751e8b465ee728b)  -> (artifact id: '2827d2548b3cdecf56adb3e6b273706a') in 0.003992 seconds 
Number of asset objects unloaded after import = 8
========================================================================
Received Import Request.
  Time since last request: 1.280475 seconds.
  path: Assets/Effects/Particles/Part3_toxic smoke.prefab
  artifactKey: Guid(fe98fe1a5fddb294ca50879313db0a5f) Importer(815301076,1909f56bfc062723c751e8b465ee728b)
Number of updated assets reloaded before import = 0
Start importing Assets/Effects/Particles/Part3_toxic smoke.prefab using Guid(fe98fe1a5fddb294ca50879313db0a5f) Importer(815301076,1909f56bfc062723c751e8b465ee728b)  -> (artifact id: '27edf963d1791091414932007cf698a6') in 0.008488 seconds 
Number of asset objects unloaded after import = 8
========================================================================
Received Import Request.
  Time since last request: 0.059043 seconds.
  path: Assets/Effects/Particles/Part3_toxic smoke.prefab
  artifactKey: Guid(fe98fe1a5fddb294ca50879313db0a5f) Importer(815301076,1909f56bfc062723c751e8b465ee728b)
Number of updated assets reloaded before import = 0
Start importing Assets/Effects/Particles/Part3_toxic smoke.prefab using Guid(fe98fe1a5fddb294ca50879313db0a5f) Importer(815301076,1909f56bfc062723c751e8b465ee728b)  -> (artifact id: '17dbecec4709cad5e13c2f5905d7b869') in 0.005554 seconds 
Number of asset objects unloaded after import = 8
========================================================================
Received Import Request.
  Time since last request: 1.104047 seconds.
  path: Assets/Effects/Particles/Part4_Gas.prefab
  artifactKey: Guid(145d911d693fc924b98032f6d88a7945) Importer(815301076,1909f56bfc062723c751e8b465ee728b)
Number of updated assets reloaded before import = 0
Start importing Assets/Effects/Particles/Part4_Gas.prefab using Guid(145d911d693fc924b98032f6d88a7945) Importer(815301076,1909f56bfc062723c751e8b465ee728b)  -> (artifact id: '068707deba33e3a4984a37a55f3c1c69') in 0.007579 seconds 
Number of asset objects unloaded after import = 8
========================================================================
Received Import Request.
  Time since last request: 0.054636 seconds.
  path: Assets/Effects/Particles/Part4_Gas.prefab
  artifactKey: Guid(145d911d693fc924b98032f6d88a7945) Importer(815301076,1909f56bfc062723c751e8b465ee728b)
Number of updated assets reloaded before import = 0
Start importing Assets/Effects/Particles/Part4_Gas.prefab using Guid(145d911d693fc924b98032f6d88a7945) Importer(815301076,1909f56bfc062723c751e8b465ee728b)  -> (artifact id: '1c91b1d0086ade2c97ce3698977f2589') in 0.003841 seconds 
Number of asset objects unloaded after import = 8
========================================================================
Received Import Request.
  Time since last request: 2.345960 seconds.
  path: Assets/Models/Barrel4.fbx
  artifactKey: Guid(f9b12a5b5fb3be94995127283b9afb1f) Importer(815301076,1909f56bfc062723c751e8b465ee728b)
Number of updated assets reloaded before import = 0
Start importing Assets/Models/Barrel4.fbx using Guid(f9b12a5b5fb3be94995127283b9afb1f) Importer(815301076,1909f56bfc062723c751e8b465ee728b)  -> (artifact id: '96dab936f453d5ed510a1632ddc7538c') in 0.404487 seconds 
Number of asset objects unloaded after import = 11
========================================================================
Received Import Request.
  Time since last request: 0.462641 seconds.
  path: Assets/Models/Barrel3.fbx
  artifactKey: Guid(67b8a010e9e016d48893b71a08e68f87) Importer(815301076,1909f56bfc062723c751e8b465ee728b)
Number of updated assets reloaded before import = 0
Start importing Assets/Models/Barrel3.fbx using Guid(67b8a010e9e016d48893b71a08e68f87) Importer(815301076,1909f56bfc062723c751e8b465ee728b)  -> (artifact id: '5918aaab1834b0da0541a7c4ab198647') in 0.015339 seconds 
Number of asset objects unloaded after import = 11
========================================================================
Received Import Request.
  Time since last request: 0.514140 seconds.
  path: Assets/Models/Bench1.fbx
  artifactKey: Guid(d02b31461cbc0654784c6391dc2e4aa2) Importer(815301076,1909f56bfc062723c751e8b465ee728b)
Number of updated assets reloaded before import = 0
Start importing Assets/Models/Bench1.fbx using Guid(d02b31461cbc0654784c6391dc2e4aa2) Importer(815301076,1909f56bfc062723c751e8b465ee728b)  -> (artifact id: '035d6db3a3aeca4c2d101ed9d6b11727') in 0.015116 seconds 
Number of asset objects unloaded after import = 9
========================================================================
Received Import Request.
  Time since last request: 67.516780 seconds.
  path: Assets/New Folder
  artifactKey: Guid(8fa412d82d98943d1a4df2bc11b654f0) Importer(815301076,1909f56bfc062723c751e8b465ee728b)
Number of updated assets reloaded before import = 0
Start importing Assets/New Folder using Guid(8fa412d82d98943d1a4df2bc11b654f0) Importer(815301076,1909f56bfc062723c751e8b465ee728b)  -> (artifact id: '06d954afde4d21c035d9411f94062c9c') in 0.004380 seconds 
Number of asset objects unloaded after import = 0
========================================================================
Received Import Request.
  Time since last request: 107.893194 seconds.
  path: Assets/MyG
  artifactKey: Guid(8fa412d82d98943d1a4df2bc11b654f0) Importer(815301076,1909f56bfc062723c751e8b465ee728b)
Number of updated assets reloaded before import = 0
Start importing Assets/MyG using Guid(8fa412d82d98943d1a4df2bc11b654f0) Importer(815301076,1909f56bfc062723c751e8b465ee728b)  -> (artifact id: '419114a2ca98709268fbe625fb6b0474') in 0.000895 seconds 
Number of asset objects unloaded after import = 0
========================================================================
Received Import Request.
  Time since last request: 18.502581 seconds.
  path: Assets/myGam
  artifactKey: Guid(8fa412d82d98943d1a4df2bc11b654f0) Importer(815301076,1909f56bfc062723c751e8b465ee728b)
Number of updated assets reloaded before import = 0
Start importing Assets/myGam using Guid(8fa412d82d98943d1a4df2bc11b654f0) Importer(815301076,1909f56bfc062723c751e8b465ee728b)  -> (artifact id: 'd536ebfb98e7a21a1277306f32201d08') in 0.002330 seconds 
Number of asset objects unloaded after import = 0
========================================================================
Received Import Request.
  Time since last request: 30.947718 seconds.
  path: Assets/G
  artifactKey: Guid(8fa412d82d98943d1a4df2bc11b654f0) Importer(815301076,1909f56bfc062723c751e8b465ee728b)
Number of updated assets reloaded before import = 0
Start importing Assets/G using Guid(8fa412d82d98943d1a4df2bc11b654f0) Importer(815301076,1909f56bfc062723c751e8b465ee728b)  -> (artifact id: '0de08014e8efafb488fe20e49085c77d') in 0.000693 seconds 
Number of asset objects unloaded after import = 0
========================================================================
Received Import Request.
  Time since last request: 6.604902 seconds.
  path: Assets/myGame
  artifactKey: Guid(8fa412d82d98943d1a4df2bc11b654f0) Importer(815301076,1909f56bfc062723c751e8b465ee728b)
Number of updated assets reloaded before import = 0
Start importing Assets/myGame using Guid(8fa412d82d98943d1a4df2bc11b654f0) Importer(815301076,1909f56bfc062723c751e8b465ee728b)  -> (artifact id: '52d2da4c9801e79cf3668d0e23c744fc') in 0.000497 seconds 
Number of asset objects unloaded after import = 0
========================================================================
Received Import Request.
  Time since last request: 17.746481 seconds.
  path: Assets/myGame/Scenes
  artifactKey: Guid(82fd12e3f497a46388b4dfdcf4cf5a6e) Importer(815301076,1909f56bfc062723c751e8b465ee728b)
Number of updated assets reloaded before import = 0
Start importing Assets/myGame/Scenes using Guid(82fd12e3f497a46388b4dfdcf4cf5a6e) Importer(815301076,1909f56bfc062723c751e8b465ee728b)  -> (artifact id: '854af049d34e105a6745bcf0f388eaeb') in 0.000892 seconds 
Number of asset objects unloaded after import = 0
========================================================================
Received Import Request.
  Time since last request: 74.603188 seconds.
  path: Assets/myGame/Aniamation
  artifactKey: Guid(a97cbdc59fc2b44b0ab7392180f7faeb) Importer(815301076,1909f56bfc062723c751e8b465ee728b)
Number of updated assets reloaded before import = 0
Start importing Assets/myGame/Aniamation using Guid(a97cbdc59fc2b44b0ab7392180f7faeb) Importer(815301076,1909f56bfc062723c751e8b465ee728b)  -> (artifact id: '00a1d587ca2179f5d8f2c6d498551d0a') in 0.001508 seconds 
Number of asset objects unloaded after import = 0
========================================================================
Received Import Request.
  Time since last request: 10.098263 seconds.
  path: Assets/myGame/Prefabs
  artifactKey: Guid(f1f457e7cd7b047058561839d161dbc8) Importer(815301076,1909f56bfc062723c751e8b465ee728b)
Number of updated assets reloaded before import = 0
Start importing Assets/myGame/Prefabs using Guid(f1f457e7cd7b047058561839d161dbc8) Importer(815301076,1909f56bfc062723c751e8b465ee728b)  -> (artifact id: '24f7f49dfd65bca58ab72d525112d1f8') in 0.001158 seconds 
Number of asset objects unloaded after import = 0
========================================================================
Received Import Request.
  Time since last request: 8.074712 seconds.
  path: Assets/myGame/Scripts
  artifactKey: Guid(08e12b8b0899e42928b02b0b3a8bb2c7) Importer(815301076,1909f56bfc062723c751e8b465ee728b)
Number of updated assets reloaded before import = 0
Start importing Assets/myGame/Scripts using Guid(08e12b8b0899e42928b02b0b3a8bb2c7) Importer(815301076,1909f56bfc062723c751e8b465ee728b)  -> (artifact id: '1f50a76122f1df4b648e7f66edf369a1') in 0.000695 seconds 
Number of asset objects unloaded after import = 0
========================================================================
Received Import Request.
  Time since last request: 484.099577 seconds.
  path: Assets/Models/Road1.fbx
  artifactKey: Guid(5d3f6194d2c750b459b1ce9bcc89a748) Importer(815301076,1909f56bfc062723c751e8b465ee728b)
Number of updated assets reloaded before import = 0
Start importing Assets/Models/Road1.fbx using Guid(5d3f6194d2c750b459b1ce9bcc89a748) Importer(815301076,1909f56bfc062723c751e8b465ee728b)  -> (artifact id: 'c8fa9c08d84301ba0f9b08ff68370688') in 0.063328 seconds 
Number of asset objects unloaded after import = 9
========================================================================
Received Import Request.
  Time since last request: 2185.994563 seconds.
  path: Assets/Models/Road2.fbx
  artifactKey: Guid(d4cfc399ddfeac943b2bb2b3edd5afcd) Importer(815301076,1909f56bfc062723c751e8b465ee728b)
Number of updated assets reloaded before import = 0
Start importing Assets/Models/Road2.fbx using Guid(d4cfc399ddfeac943b2bb2b3edd5afcd) Importer(815301076,1909f56bfc062723c751e8b465ee728b)  -> (artifact id: '9b71d607774ba4c566db2560b187ccfe') in 0.051856 seconds 
Number of asset objects unloaded after import = 9
========================================================================
Received Import Request.
  Time since last request: 1.687769 seconds.
  path: Assets/Models/Road3.fbx
  artifactKey: Guid(bc2ffa55300447940bcfadfcd890485b) Importer(815301076,1909f56bfc062723c751e8b465ee728b)
Number of updated assets reloaded before import = 0
Start importing Assets/Models/Road3.fbx using Guid(bc2ffa55300447940bcfadfcd890485b) Importer(815301076,1909f56bfc062723c751e8b465ee728b)  -> (artifact id: '2279029c46544a9040951a711a9e624a') in 0.012966 seconds 
Number of asset objects unloaded after import = 9
========================================================================
Received Import Request.
  Time since last request: 0.685189 seconds.
  path: Assets/Models/Road4.fbx
  artifactKey: Guid(7621a8b7f1efb854a97ac7b68e64ca02) Importer(815301076,1909f56bfc062723c751e8b465ee728b)
Number of updated assets reloaded before import = 0
Start importing Assets/Models/Road4.fbx using Guid(7621a8b7f1efb854a97ac7b68e64ca02) Importer(815301076,1909f56bfc062723c751e8b465ee728b)  -> (artifact id: 'b8cadbbdb8570f776aeb6ee82a6c6cfa') in 0.012220 seconds 
Number of asset objects unloaded after import = 9
========================================================================
Received Import Request.
  Time since last request: 930.135350 seconds.
  path: Assets/Models/Road_Barrier.fbx
  artifactKey: Guid(9386098ea722eba429001c1a5b014983) Importer(815301076,1909f56bfc062723c751e8b465ee728b)
Number of updated assets reloaded before import = 0
Start importing Assets/Models/Road_Barrier.fbx using Guid(9386098ea722eba429001c1a5b014983) Importer(815301076,1909f56bfc062723c751e8b465ee728b)  -> (artifact id: '6466882b51ba6ee5acc6209a4c232f43') in 0.033249 seconds 
Number of asset objects unloaded after import = 9
========================================================================
Received Import Request.
  Time since last request: 1.674535 seconds.
  path: Assets/Models/Signboard2.fbx
  artifactKey: Guid(5bfe6c1e6c3695740995742add37c5cc) Importer(815301076,1909f56bfc062723c751e8b465ee728b)
Number of updated assets reloaded before import = 0
Start importing Assets/Models/Signboard2.fbx using Guid(5bfe6c1e6c3695740995742add37c5cc) Importer(815301076,1909f56bfc062723c751e8b465ee728b)  -> (artifact id: '876c771fb14cf5f0a6a078d72a7eaa96') in 0.013470 seconds 
Number of asset objects unloaded after import = 9
========================================================================
Received Import Request.
  Time since last request: 0.677463 seconds.
  path: Assets/Models/Signboard4.fbx
  artifactKey: Guid(2935c70e005bb8e45bc27b891f1b99e3) Importer(815301076,1909f56bfc062723c751e8b465ee728b)
Number of updated assets reloaded before import = 0
Start importing Assets/Models/Signboard4.fbx using Guid(2935c70e005bb8e45bc27b891f1b99e3) Importer(815301076,1909f56bfc062723c751e8b465ee728b)  -> (artifact id: '4f5def0dfc34d02501f7ceccdb585538') in 0.011867 seconds 
Number of asset objects unloaded after import = 9
========================================================================
Received Import Request.
  Time since last request: 1.005157 seconds.
  path: Assets/Models/Sunflower1.fbx
  artifactKey: Guid(1afcc78f8fe33ad42a057e3e633ca06a) Importer(815301076,1909f56bfc062723c751e8b465ee728b)
Number of updated assets reloaded before import = 0
Start importing Assets/Models/Sunflower1.fbx using Guid(1afcc78f8fe33ad42a057e3e633ca06a) Importer(815301076,1909f56bfc062723c751e8b465ee728b)  -> (artifact id: '477b3bc3b4b8d63ad889ae2eb40d506f') in 0.169801 seconds 
Number of asset objects unloaded after import = 16
========================================================================
Received Import Request.
  Time since last request: 0.589917 seconds.
  path: Assets/Models/Streetlight_el3.fbx
  artifactKey: Guid(54b6f38d9869404479944b883a78f035) Importer(815301076,1909f56bfc062723c751e8b465ee728b)
Number of updated assets reloaded before import = 0
Start importing Assets/Models/Streetlight_el3.fbx using Guid(54b6f38d9869404479944b883a78f035) Importer(815301076,1909f56bfc062723c751e8b465ee728b)  -> (artifact id: '9a716ec11e697f54bbb072ef16610105') in 0.011566 seconds 
Number of asset objects unloaded after import = 9
========================================================================
Received Import Request.
  Time since last request: 1.288278 seconds.
  path: Assets/Models/Tree2.fbx
  artifactKey: Guid(b4945f9b574e7504f83784f753f480d1) Importer(815301076,1909f56bfc062723c751e8b465ee728b)
Number of updated assets reloaded before import = 0
Start importing Assets/Models/Tree2.fbx using Guid(b4945f9b574e7504f83784f753f480d1) Importer(815301076,1909f56bfc062723c751e8b465ee728b)  -> (artifact id: '55404079816c6b90aa5bbde833978c74') in 0.022293 seconds 
Number of asset objects unloaded after import = 9
========================================================================
Received Import Request.
  Time since last request: 0.673747 seconds.
  path: Assets/Models/Tree1_big.fbx
  artifactKey: Guid(633c383983a59224196f6d37e4b6e250) Importer(815301076,1909f56bfc062723c751e8b465ee728b)
Number of updated assets reloaded before import = 0
Start importing Assets/Models/Tree1_big.fbx using Guid(633c383983a59224196f6d37e4b6e250) Importer(815301076,1909f56bfc062723c751e8b465ee728b)  -> (artifact id: 'df998cf9ea9ae5bb95d2a19771222e25') in 0.014211 seconds 
Number of asset objects unloaded after import = 9
========================================================================
Received Import Request.
  Time since last request: 0.852408 seconds.
  path: Assets/Models/Tree3.fbx
  artifactKey: Guid(3a8a8d15ad51e0e4f86962620caedbdf) Importer(815301076,1909f56bfc062723c751e8b465ee728b)
Number of updated assets reloaded before import = 0
Start importing Assets/Models/Tree3.fbx using Guid(3a8a8d15ad51e0e4f86962620caedbdf) Importer(815301076,1909f56bfc062723c751e8b465ee728b)  -> (artifact id: '63c59fc09d50c7a95b30ceb5b28f5e19') in 0.014126 seconds 
Number of asset objects unloaded after import = 9
========================================================================
Received Import Request.
  Time since last request: 0.364817 seconds.
  path: Assets/Models/Tree2_big.fbx
  artifactKey: Guid(f759d025eacf8644ba1f3ba6c4c31504) Importer(815301076,1909f56bfc062723c751e8b465ee728b)
Number of updated assets reloaded before import = 0
Start importing Assets/Models/Tree2_big.fbx using Guid(f759d025eacf8644ba1f3ba6c4c31504) Importer(815301076,1909f56bfc062723c751e8b465ee728b)  -> (artifact id: '7c15e69488e2bdea08e8a93c15fed636') in 0.013770 seconds 
Number of asset objects unloaded after import = 9
========================================================================
Received Import Request.
  Time since last request: 1.116755 seconds.
  path: Assets/Models/Watertank.fbx
  artifactKey: Guid(03665a40d2b11cf4db2395bda2604b39) Importer(815301076,1909f56bfc062723c751e8b465ee728b)
Number of updated assets reloaded before import = 0
Start importing Assets/Models/Watertank.fbx using Guid(03665a40d2b11cf4db2395bda2604b39) Importer(815301076,1909f56bfc062723c751e8b465ee728b)  -> (artifact id: 'd49af56d3b11a7676649e8eed568a17d') in 0.014410 seconds 
Number of asset objects unloaded after import = 9
========================================================================
Received Import Request.
  Time since last request: 0.591476 seconds.
  path: Assets/Models/Watermelon2.fbx
  artifactKey: Guid(99a3a4c02dbe1e243b60ff4912ba92a6) Importer(815301076,1909f56bfc062723c751e8b465ee728b)
Number of updated assets reloaded before import = 0
Start importing Assets/Models/Watermelon2.fbx using Guid(99a3a4c02dbe1e243b60ff4912ba92a6) Importer(815301076,1909f56bfc062723c751e8b465ee728b)  -> (artifact id: '65ed55f4271aaa856682400e2f6d7e07') in 0.025470 seconds 
Number of asset objects unloaded after import = 16
========================================================================
Received Import Request.
  Time since last request: 1.150934 seconds.
  path: Assets/Models/Windmill1_anim1.anim
  artifactKey: Guid(62833264f16d9b948a13bf36780e804e) Importer(815301076,1909f56bfc062723c751e8b465ee728b)
Number of updated assets reloaded before import = 0
Start importing Assets/Models/Windmill1_anim1.anim using Guid(62833264f16d9b948a13bf36780e804e) Importer(815301076,1909f56bfc062723c751e8b465ee728b)  -> (artifact id: '09bf811a0b79d709a3fb5f58ff7b372e') in 0.057795 seconds 
Number of asset objects unloaded after import = 1
========================================================================
Received Import Request.
  Time since last request: 0.756753 seconds.
  path: Assets/Models/Windmill1_anim2.anim
  artifactKey: Guid(c1d79845a78350d4cac4ed2c5cde2b59) Importer(815301076,1909f56bfc062723c751e8b465ee728b)
Number of updated assets reloaded before import = 0
Start importing Assets/Models/Windmill1_anim2.anim using Guid(c1d79845a78350d4cac4ed2c5cde2b59) Importer(815301076,1909f56bfc062723c751e8b465ee728b)  -> (artifact id: 'd2c6289acd393bf0d3da400fc444c1b3') in 0.003882 seconds 
Number of asset objects unloaded after import = 1
========================================================================
Received Import Request.
  Time since last request: 3.411701 seconds.
  path: Assets/Models/Air_conditioner.fbx
  artifactKey: Guid(ba3a40cbd1dd8934c89f3446a9519ebe) Importer(815301076,1909f56bfc062723c751e8b465ee728b)
Number of updated assets reloaded before import = 0
Start importing Assets/Models/Air_conditioner.fbx using Guid(ba3a40cbd1dd8934c89f3446a9519ebe) Importer(815301076,1909f56bfc062723c751e8b465ee728b)  -> (artifact id: '105eef90ef317c7f5471e7ae67625443') in 0.014698 seconds 
Number of asset objects unloaded after import = 9
========================================================================
Received Import Request.
  Time since last request: 0.846501 seconds.
  path: Assets/Models/Barrel1.fbx
  artifactKey: Guid(2b6ffcaa07fc8884397f37921272adaf) Importer(815301076,1909f56bfc062723c751e8b465ee728b)
Number of updated assets reloaded before import = 0
Start importing Assets/Models/Barrel1.fbx using Guid(2b6ffcaa07fc8884397f37921272adaf) Importer(815301076,1909f56bfc062723c751e8b465ee728b)  -> (artifact id: '7e0d0e213c5e08375c2fdced55a78740') in 0.016391 seconds 
Number of asset objects unloaded after import = 11
========================================================================
Received Import Request.
  Time since last request: 2.324519 seconds.
  path: Assets/Models/Box1.fbx
  artifactKey: Guid(e415c143f114d2f4b8f1019be8978f4e) Importer(815301076,1909f56bfc062723c751e8b465ee728b)
Number of updated assets reloaded before import = 0
Start importing Assets/Models/Box1.fbx using Guid(e415c143f114d2f4b8f1019be8978f4e) Importer(815301076,1909f56bfc062723c751e8b465ee728b)  -> (artifact id: '1fc028419126723179406b0b3a8ec1d6') in 0.015796 seconds 
Number of asset objects unloaded after import = 9
========================================================================
Received Import Request.
  Time since last request: 0.762644 seconds.
  path: Assets/Models/Brickwall1A.fbx
  artifactKey: Guid(9015d30ce4feaa247985aaeff4e461b3) Importer(815301076,1909f56bfc062723c751e8b465ee728b)
Number of updated assets reloaded before import = 0
Start importing Assets/Models/Brickwall1A.fbx using Guid(9015d30ce4feaa247985aaeff4e461b3) Importer(815301076,1909f56bfc062723c751e8b465ee728b)  -> (artifact id: '9b9dc755c4f1b50c696c6707315c382b') in 0.014284 seconds 
Number of asset objects unloaded after import = 9
========================================================================
Received Import Request.
  Time since last request: 1.340900 seconds.
  path: Assets/Models/BridgeWood_el3.fbx
  artifactKey: Guid(02302806550a0e54a980a4369020556f) Importer(815301076,1909f56bfc062723c751e8b465ee728b)
Number of updated assets reloaded before import = 0
Start importing Assets/Models/BridgeWood_el3.fbx using Guid(02302806550a0e54a980a4369020556f) Importer(815301076,1909f56bfc062723c751e8b465ee728b)  -> (artifact id: '849dda1110c26256ac893bb23ad10030') in 0.015151 seconds 
Number of asset objects unloaded after import = 9
========================================================================
Received Import Request.
  Time since last request: 0.649428 seconds.
  path: Assets/Models/BridgeWood_el2.fbx
  artifactKey: Guid(dd47bc49661bbe84bb840508dc240eab) Importer(815301076,1909f56bfc062723c751e8b465ee728b)
Number of updated assets reloaded before import = 0
Start importing Assets/Models/BridgeWood_el2.fbx using Guid(dd47bc49661bbe84bb840508dc240eab) Importer(815301076,1909f56bfc062723c751e8b465ee728b)  -> (artifact id: 'b5e88f05b886bb3fe792160bd63480d1') in 0.015088 seconds 
Number of asset objects unloaded after import = 9
========================================================================
Received Import Request.
  Time since last request: 0.645862 seconds.
  path: Assets/Models/Bush2.fbx
  artifactKey: Guid(1e68c54bf997e4544af5502cb48b8db3) Importer(815301076,1909f56bfc062723c751e8b465ee728b)
Number of updated assets reloaded before import = 0
Start importing Assets/Models/Bush2.fbx using Guid(1e68c54bf997e4544af5502cb48b8db3) Importer(815301076,1909f56bfc062723c751e8b465ee728b)  -> (artifact id: 'f85678d044ccbdae2c6a6231ebcf8010') in 0.013241 seconds 
Number of asset objects unloaded after import = 9
========================================================================
Received Import Request.
  Time since last request: 0.598163 seconds.
  path: Assets/Models/Cabbage1.fbx
  artifactKey: Guid(d04545b9abf2fd94fbc95bdffcb5b889) Importer(815301076,1909f56bfc062723c751e8b465ee728b)
Number of updated assets reloaded before import = 0
Start importing Assets/Models/Cabbage1.fbx using Guid(d04545b9abf2fd94fbc95bdffcb5b889) Importer(815301076,1909f56bfc062723c751e8b465ee728b)  -> (artifact id: '76f847df24f9c0ad0fe33b961d966042') in 0.024807 seconds 
Number of asset objects unloaded after import = 16
========================================================================
Received Import Request.
  Time since last request: 1.063632 seconds.
  path: Assets/Models/Car1B.fbx
  artifactKey: Guid(59a0265770a52b642b945862c78b4874) Importer(815301076,1909f56bfc062723c751e8b465ee728b)
Number of updated assets reloaded before import = 0
Start importing Assets/Models/Car1B.fbx using Guid(59a0265770a52b642b945862c78b4874) Importer(815301076,1909f56bfc062723c751e8b465ee728b)  -> (artifact id: '6b02dba4023182c494247aec9f27e421') in 0.031937 seconds 
Number of asset objects unloaded after import = 21
========================================================================
Received Import Request.
  Time since last request: 0.564310 seconds.
  path: Assets/Models/Car1A.fbx
  artifactKey: Guid(fab8dab1885e10d4eb20dd7606f41ff5) Importer(815301076,1909f56bfc062723c751e8b465ee728b)
Number of updated assets reloaded before import = 0
Start importing Assets/Models/Car1A.fbx using Guid(fab8dab1885e10d4eb20dd7606f41ff5) Importer(815301076,1909f56bfc062723c751e8b465ee728b)  -> (artifact id: 'b3f885c4a443830707f6902c21e012d2') in 0.030482 seconds 
Number of asset objects unloaded after import = 21
========================================================================
Received Import Request.
  Time since last request: 1.058346 seconds.
  path: Assets/Models/Car3B.fbx
  artifactKey: Guid(3fee58ffe7b213f48afc92763f40bf65) Importer(815301076,1909f56bfc062723c751e8b465ee728b)
Number of updated assets reloaded before import = 0
Start importing Assets/Models/Car3B.fbx using Guid(3fee58ffe7b213f48afc92763f40bf65) Importer(815301076,1909f56bfc062723c751e8b465ee728b)  -> (artifact id: 'b97a8ab9103d4d3480fa3dd3001af8d8') in 0.030624 seconds 
Number of asset objects unloaded after import = 21
========================================================================
Received Import Request.
  Time since last request: 0.722937 seconds.
  path: Assets/Models/Car4B.fbx
  artifactKey: Guid(c1ebe5b657af7c349ab7c7fddffe4ab4) Importer(815301076,1909f56bfc062723c751e8b465ee728b)
Number of updated assets reloaded before import = 0
Start importing Assets/Models/Car4B.fbx using Guid(c1ebe5b657af7c349ab7c7fddffe4ab4) Importer(815301076,1909f56bfc062723c751e8b465ee728b)  -> (artifact id: 'f110388f691a048c828c870568f31432') in 0.029345 seconds 
Number of asset objects unloaded after import = 21
========================================================================
Received Import Request.
  Time since last request: 1.078299 seconds.
  path: Assets/Models/Container2.fbx
  artifactKey: Guid(d3db7bf83932feb4f8f620611056927c) Importer(815301076,1909f56bfc062723c751e8b465ee728b)
Number of updated assets reloaded before import = 0
Start importing Assets/Models/Container2.fbx using Guid(d3db7bf83932feb4f8f620611056927c) Importer(815301076,1909f56bfc062723c751e8b465ee728b)  -> (artifact id: '674ec154d47c011f0da6440decadc799') in 0.015220 seconds 
Number of asset objects unloaded after import = 9
========================================================================
Received Import Request.
  Time since last request: 0.565293 seconds.
  path: Assets/Models/Container1.fbx
  artifactKey: Guid(e4b5d0627c5cb4f479800d0a83fe8aa3) Importer(815301076,1909f56bfc062723c751e8b465ee728b)
Number of updated assets reloaded before import = 0
Start importing Assets/Models/Container1.fbx using Guid(e4b5d0627c5cb4f479800d0a83fe8aa3) Importer(815301076,1909f56bfc062723c751e8b465ee728b)  -> (artifact id: '92e2c1986a7ea9d843dce09927407736') in 0.014729 seconds 
Number of asset objects unloaded after import = 9
========================================================================
Received Import Request.
  Time since last request: 0.886530 seconds.
  path: Assets/Models/Carrot2.fbx
  artifactKey: Guid(27f722843a29f3645828dc50ec910ceb) Importer(815301076,1909f56bfc062723c751e8b465ee728b)
Number of updated assets reloaded before import = 0
Start importing Assets/Models/Carrot2.fbx using Guid(27f722843a29f3645828dc50ec910ceb) Importer(815301076,1909f56bfc062723c751e8b465ee728b)  -> (artifact id: '0e94b62088ad767bbfaddac629850fd5') in 0.027117 seconds 
Number of asset objects unloaded after import = 16
========================================================================
Received Import Request.
  Time since last request: 0.634208 seconds.
  path: Assets/Models/Car7A.fbx
  artifactKey: Guid(98fa2e27c8b14e44f988d4b615df95b4) Importer(815301076,1909f56bfc062723c751e8b465ee728b)
Number of updated assets reloaded before import = 0
Start importing Assets/Models/Car7A.fbx using Guid(98fa2e27c8b14e44f988d4b615df95b4) Importer(815301076,1909f56bfc062723c751e8b465ee728b)  -> (artifact id: 'e6a7a93af16eef26353d674b1ae1fbfe') in 0.031533 seconds 
Number of asset objects unloaded after import = 21
========================================================================
Received Import Request.
  Time since last request: 1.976370 seconds.
  path: Assets/Models/Car5B.fbx
  artifactKey: Guid(af38530c981119245a75de5163dd7b74) Importer(815301076,1909f56bfc062723c751e8b465ee728b)
Number of updated assets reloaded before import = 0
Start importing Assets/Models/Car5B.fbx using Guid(af38530c981119245a75de5163dd7b74) Importer(815301076,1909f56bfc062723c751e8b465ee728b)  -> (artifact id: '62147d6d5de5c53fc1ff0604c7a08cb1') in 0.032483 seconds 
Number of asset objects unloaded after import = 21
========================================================================
Received Import Request.
  Time since last request: 1.063549 seconds.
  path: Assets/Models/Corn2.fbx
  artifactKey: Guid(d0eb982d07906904cb9a3106b9145c9d) Importer(815301076,1909f56bfc062723c751e8b465ee728b)
Number of updated assets reloaded before import = 0
Start importing Assets/Models/Corn2.fbx using Guid(d0eb982d07906904cb9a3106b9145c9d) Importer(815301076,1909f56bfc062723c751e8b465ee728b)  -> (artifact id: '7906d120557d26c6190311e58241a449') in 0.014616 seconds 
Number of asset objects unloaded after import = 9
========================================================================
Received Import Request.
  Time since last request: 0.495537 seconds.
  path: Assets/Models/Corn1.fbx
  artifactKey: Guid(eba13e41d98282d4094dd17f8b7ae2f6) Importer(815301076,1909f56bfc062723c751e8b465ee728b)
Number of updated assets reloaded before import = 0
Start importing Assets/Models/Corn1.fbx using Guid(eba13e41d98282d4094dd17f8b7ae2f6) Importer(815301076,1909f56bfc062723c751e8b465ee728b)  -> (artifact id: '94dc1cc66ef01e9b5dbf7a8c47e0804e') in 0.013677 seconds 
Number of asset objects unloaded after import = 9
========================================================================
Received Import Request.
  Time since last request: 1.079900 seconds.
  path: Assets/Models/Farm_fence2.fbx
  artifactKey: Guid(f130e700df7cd7e4f935e662f9adbecb) Importer(815301076,1909f56bfc062723c751e8b465ee728b)
Number of updated assets reloaded before import = 0
Start importing Assets/Models/Farm_fence2.fbx using Guid(f130e700df7cd7e4f935e662f9adbecb) Importer(815301076,1909f56bfc062723c751e8b465ee728b)  -> (artifact id: '53227c0ac7e823cfbc47f462d7685892') in 0.013165 seconds 
Number of asset objects unloaded after import = 9
========================================================================
Received Import Request.
  Time since last request: 0.702244 seconds.
  path: Assets/Models/Farm_fence1.fbx
  artifactKey: Guid(e9c549c17519a5448810985f57654853) Importer(815301076,1909f56bfc062723c751e8b465ee728b)
Number of updated assets reloaded before import = 0
Start importing Assets/Models/Farm_fence1.fbx using Guid(e9c549c17519a5448810985f57654853) Importer(815301076,1909f56bfc062723c751e8b465ee728b)  -> (artifact id: 'bfca09da00f6d2fe206435f94809db77') in 0.013902 seconds 
Number of asset objects unloaded after import = 9
========================================================================
Received Import Request.
  Time since last request: 1.054885 seconds.
  path: Assets/Models/Fence1_pole.fbx
  artifactKey: Guid(6117dd8a0bedddd469f538e030384ca4) Importer(815301076,1909f56bfc062723c751e8b465ee728b)
Number of updated assets reloaded before import = 0
Start importing Assets/Models/Fence1_pole.fbx using Guid(6117dd8a0bedddd469f538e030384ca4) Importer(815301076,1909f56bfc062723c751e8b465ee728b)  -> (artifact id: 'a5b8e36657637b314f2d9713129dac6e') in 0.013084 seconds 
Number of asset objects unloaded after import = 9
========================================================================
Received Import Request.
  Time since last request: 0.653199 seconds.
  path: Assets/Models/Farm_silo.fbx
  artifactKey: Guid(59ce6b7452d556c48b4b0761f088e975) Importer(815301076,1909f56bfc062723c751e8b465ee728b)
Number of updated assets reloaded before import = 0
Start importing Assets/Models/Farm_silo.fbx using Guid(59ce6b7452d556c48b4b0761f088e975) Importer(815301076,1909f56bfc062723c751e8b465ee728b)  -> (artifact id: '749b34de4f5ed5c15cfbdef14b29afd3') in 0.021453 seconds 
Number of asset objects unloaded after import = 23
========================================================================
Received Import Request.
  Time since last request: 0.484265 seconds.
  path: Assets/Models/Garage2.fbx
  artifactKey: Guid(a88757e4b6cf3e44897efe48b9c7461e) Importer(815301076,1909f56bfc062723c751e8b465ee728b)
Number of updated assets reloaded before import = 0
Start importing Assets/Models/Garage2.fbx using Guid(a88757e4b6cf3e44897efe48b9c7461e) Importer(815301076,1909f56bfc062723c751e8b465ee728b)  -> (artifact id: '83c303edce0b116f89038968becf0b9f') in 0.014773 seconds 
Number of asset objects unloaded after import = 9
========================================================================
Received Import Request.
  Time since last request: 1.271116 seconds.
  path: Assets/Models/Gas_Banner.fbx
  artifactKey: Guid(e824d2a6681ebed42a46d26f47255a1c) Importer(815301076,1909f56bfc062723c751e8b465ee728b)
Number of updated assets reloaded before import = 0
Start importing Assets/Models/Gas_Banner.fbx using Guid(e824d2a6681ebed42a46d26f47255a1c) Importer(815301076,1909f56bfc062723c751e8b465ee728b)  -> (artifact id: 'c38a9997771996f9acf87e1b76935586') in 0.013884 seconds 
Number of asset objects unloaded after import = 9
========================================================================
Received Import Request.
  Time since last request: 1.383344 seconds.
  path: Assets/Models/Gas_Station.fbx
  artifactKey: Guid(da3f0fac71716b84ca6ca86a4ffb58dd) Importer(815301076,1909f56bfc062723c751e8b465ee728b)
Number of updated assets reloaded before import = 0
Start importing Assets/Models/Gas_Station.fbx using Guid(da3f0fac71716b84ca6ca86a4ffb58dd) Importer(815301076,1909f56bfc062723c751e8b465ee728b)  -> (artifact id: 'c0f5b8f6531fa6ddda56218da83b972f') in 0.015348 seconds 
Number of asset objects unloaded after import = 9
========================================================================
Received Import Request.
  Time since last request: 0.479570 seconds.
  path: Assets/Models/Gas_Station_road.fbx
  artifactKey: Guid(930289701ac6c8b41a36ed46cb7d5907) Importer(815301076,1909f56bfc062723c751e8b465ee728b)
Number of updated assets reloaded before import = 0
Start importing Assets/Models/Gas_Station_road.fbx using Guid(930289701ac6c8b41a36ed46cb7d5907) Importer(815301076,1909f56bfc062723c751e8b465ee728b)  -> (artifact id: '60596099abb586a2d6eca7bd5c5019b5') in 0.012367 seconds 
Number of asset objects unloaded after import = 9
========================================================================
Received Import Request.
  Time since last request: 0.689299 seconds.
  path: Assets/Models/Gas_Tank.fbx
  artifactKey: Guid(739dd0b8dad2dca44938788b9ebfd97f) Importer(815301076,1909f56bfc062723c751e8b465ee728b)
Number of updated assets reloaded before import = 0
Start importing Assets/Models/Gas_Tank.fbx using Guid(739dd0b8dad2dca44938788b9ebfd97f) Importer(815301076,1909f56bfc062723c751e8b465ee728b)  -> (artifact id: 'd59d7497833a9ef5c42068939e2a6110') in 0.012892 seconds 
Number of asset objects unloaded after import = 9
========================================================================
Received Import Request.
  Time since last request: 1.513097 seconds.
  path: Assets/Models/Gas_bottle.fbx
  artifactKey: Guid(fc50a7961060f91438e7949144cbe2f6) Importer(815301076,1909f56bfc062723c751e8b465ee728b)
Number of updated assets reloaded before import = 0
Start importing Assets/Models/Gas_bottle.fbx using Guid(fc50a7961060f91438e7949144cbe2f6) Importer(815301076,1909f56bfc062723c751e8b465ee728b)  -> (artifact id: 'aa5746c48fbd6655bd4be17e28d14160') in 0.014529 seconds 
Number of asset objects unloaded after import = 9
========================================================================
Received Import Request.
  Time since last request: 2.220399 seconds.
  path: Assets/Models/Grill.fbx
  artifactKey: Guid(2898b6d49e9c11e4e840fe85c9912144) Importer(815301076,1909f56bfc062723c751e8b465ee728b)
Number of updated assets reloaded before import = 0
Start importing Assets/Models/Grill.fbx using Guid(2898b6d49e9c11e4e840fe85c9912144) Importer(815301076,1909f56bfc062723c751e8b465ee728b)  -> (artifact id: '7c8aa7708120303558f1428297937620') in 0.014993 seconds 
Number of asset objects unloaded after import = 9
========================================================================
Received Import Request.
  Time since last request: 3.027679 seconds.
  path: Assets/Models/House1.fbx
  artifactKey: Guid(1837334ea9dca3a49bc9af9a75383eb4) Importer(815301076,1909f56bfc062723c751e8b465ee728b)
Number of updated assets reloaded before import = 0
Start importing Assets/Models/House1.fbx using Guid(1837334ea9dca3a49bc9af9a75383eb4) Importer(815301076,1909f56bfc062723c751e8b465ee728b)  -> (artifact id: '0fb48ca80f7271d5fe6080dcdf1db317') in 0.015358 seconds 
Number of asset objects unloaded after import = 11
========================================================================
Received Import Request.
  Time since last request: 1.142798 seconds.
  path: Assets/Models/House2.fbx
  artifactKey: Guid(6f8c85ce5f907104d85942a806f4e9b2) Importer(815301076,1909f56bfc062723c751e8b465ee728b)
Number of updated assets reloaded before import = 0
Start importing Assets/Models/House2.fbx using Guid(6f8c85ce5f907104d85942a806f4e9b2) Importer(815301076,1909f56bfc062723c751e8b465ee728b)  -> (artifact id: '3cf42bb3dab2ddabed744dd5de01d3bb') in 0.013954 seconds 
Number of asset objects unloaded after import = 9
========================================================================
Received Import Request.
  Time since last request: 0.490008 seconds.
  path: Assets/Models/House3.fbx
  artifactKey: Guid(23b1979a85f76b941a522440189b027d) Importer(815301076,1909f56bfc062723c751e8b465ee728b)
Number of updated assets reloaded before import = 0
Start importing Assets/Models/House3.fbx using Guid(23b1979a85f76b941a522440189b027d) Importer(815301076,1909f56bfc062723c751e8b465ee728b)  -> (artifact id: 'c6b85d57e08a0b51e56c07741fe97496') in 0.013841 seconds 
Number of asset objects unloaded after import = 9
========================================================================
Received Import Request.
  Time since last request: 0.943296 seconds.
  path: Assets/Models/House4.fbx
  artifactKey: Guid(c7b053d80afa30c489d1a20753d3d8bb) Importer(815301076,1909f56bfc062723c751e8b465ee728b)
Number of updated assets reloaded before import = 0
Start importing Assets/Models/House4.fbx using Guid(c7b053d80afa30c489d1a20753d3d8bb) Importer(815301076,1909f56bfc062723c751e8b465ee728b)  -> (artifact id: 'b09eabd3d11d3459642c7a88f60b823b') in 0.013752 seconds 
Number of asset objects unloaded after import = 9
========================================================================
Received Import Request.
  Time since last request: 0.417089 seconds.
  path: Assets/Models/House5.fbx
  artifactKey: Guid(27c092ecf5970134a86c1876cdf51e8a) Importer(815301076,1909f56bfc062723c751e8b465ee728b)
Number of updated assets reloaded before import = 0
Start importing Assets/Models/House5.fbx using Guid(27c092ecf5970134a86c1876cdf51e8a) Importer(815301076,1909f56bfc062723c751e8b465ee728b)  -> (artifact id: '43f4543ef464a379352881f606cf98c1') in 0.014871 seconds 
Number of asset objects unloaded after import = 9
========================================================================
Received Import Request.
  Time since last request: 0.894634 seconds.
  path: Assets/Models/House17.fbx
  artifactKey: Guid(6cfa97fd98c478e46ad896e83e10a34e) Importer(815301076,1909f56bfc062723c751e8b465ee728b)
Number of updated assets reloaded before import = 0
Start importing Assets/Models/House17.fbx using Guid(6cfa97fd98c478e46ad896e83e10a34e) Importer(815301076,1909f56bfc062723c751e8b465ee728b)  -> (artifact id: '97f347120079b1e2dbf0725e4758cff9') in 0.015421 seconds 
Number of asset objects unloaded after import = 9
========================================================================
Received Import Request.
  Time since last request: 0.351218 seconds.
  path: Assets/Models/Hydrant.fbx
  artifactKey: Guid(4178db4dcc93685429fed51b2ccdd7e5) Importer(815301076,1909f56bfc062723c751e8b465ee728b)
Number of updated assets reloaded before import = 0
Start importing Assets/Models/Hydrant.fbx using Guid(4178db4dcc93685429fed51b2ccdd7e5) Importer(815301076,1909f56bfc062723c751e8b465ee728b)  -> (artifact id: '511fce702a84a3fc3df45d6c5e53bae7') in 0.014434 seconds 
Number of asset objects unloaded after import = 9
========================================================================
Received Import Request.
  Time since last request: 1.329955 seconds.
  path: Assets/Models/Metal_Fance1.fbx
  artifactKey: Guid(4d8ef2d94a6b27b47a5991c652cf2a00) Importer(815301076,1909f56bfc062723c751e8b465ee728b)
Number of updated assets reloaded before import = 0
Start importing Assets/Models/Metal_Fance1.fbx using Guid(4d8ef2d94a6b27b47a5991c652cf2a00) Importer(815301076,1909f56bfc062723c751e8b465ee728b)  -> (artifact id: '77b0e9644e0718c54a38523db9076585') in 0.013858 seconds 
Number of asset objects unloaded after import = 11
========================================================================
Received Import Request.
  Time since last request: 0.576704 seconds.
  path: Assets/Models/Pack.fbx
  artifactKey: Guid(85a3f61d061b21549985de8acbb8eab7) Importer(815301076,1909f56bfc062723c751e8b465ee728b)
Number of updated assets reloaded before import = 0
Start importing Assets/Models/Pack.fbx using Guid(85a3f61d061b21549985de8acbb8eab7) Importer(815301076,1909f56bfc062723c751e8b465ee728b)  -> (artifact id: '3557eded584f6fc08ca93b0bead2c42f') in 0.012879 seconds 
Number of asset objects unloaded after import = 9
========================================================================
Received Import Request.
  Time since last request: 1.222209 seconds.
  path: Assets/Models/Mailbox.fbx
  artifactKey: Guid(38ad7d5fdccc3a74bb533c92e909af16) Importer(815301076,1909f56bfc062723c751e8b465ee728b)
Number of updated assets reloaded before import = 0
Start importing Assets/Models/Mailbox.fbx using Guid(38ad7d5fdccc3a74bb533c92e909af16) Importer(815301076,1909f56bfc062723c751e8b465ee728b)  -> (artifact id: '6fd00fccc1b795ba61cf8b04fc730d0c') in 0.014818 seconds 
Number of asset objects unloaded after import = 9
========================================================================
Received Import Request.
  Time since last request: 0.488187 seconds.
  path: Assets/Models/Lumber.fbx
  artifactKey: Guid(b80c5bffb07ebd544872dea02eb701d7) Importer(815301076,1909f56bfc062723c751e8b465ee728b)
Number of updated assets reloaded before import = 0
Start importing Assets/Models/Lumber.fbx using Guid(b80c5bffb07ebd544872dea02eb701d7) Importer(815301076,1909f56bfc062723c751e8b465ee728b)  -> (artifact id: 'f1899f5869677630f61ba1be804d65c7') in 0.014329 seconds 
Number of asset objects unloaded after import = 9
========================================================================
Received Import Request.
  Time since last request: 0.639722 seconds.
  path: Assets/Models/Ladder.fbx
  artifactKey: Guid(3145b73ffcaf600478d8cab6e0092e72) Importer(815301076,1909f56bfc062723c751e8b465ee728b)
Number of updated assets reloaded before import = 0
Start importing Assets/Models/Ladder.fbx using Guid(3145b73ffcaf600478d8cab6e0092e72) Importer(815301076,1909f56bfc062723c751e8b465ee728b)  -> (artifact id: 'be50bd86d9fc1c7d96a008632f2cc9c5') in 0.014534 seconds 
Number of asset objects unloaded after import = 9
========================================================================
Received Import Request.
  Time since last request: 2.010044 seconds.
  path: Assets/Models/House18.fbx
  artifactKey: Guid(310d526bbbbd4b94ca19baf692e59fe0) Importer(815301076,1909f56bfc062723c751e8b465ee728b)
Number of updated assets reloaded before import = 0
Start importing Assets/Models/House18.fbx using Guid(310d526bbbbd4b94ca19baf692e59fe0) Importer(815301076,1909f56bfc062723c751e8b465ee728b)  -> (artifact id: '399b09a1fbe92f319dc3ced88fe142a6') in 0.015061 seconds 
Number of asset objects unloaded after import = 9
========================================================================
Received Import Request.
  Time since last request: 1.503834 seconds.
  path: Assets/Models/Pipe1E.fbx
  artifactKey: Guid(6049b0506c728d54b847c5681313827d) Importer(815301076,1909f56bfc062723c751e8b465ee728b)
Number of updated assets reloaded before import = 0
Start importing Assets/Models/Pipe1E.fbx using Guid(6049b0506c728d54b847c5681313827d) Importer(815301076,1909f56bfc062723c751e8b465ee728b)  -> (artifact id: 'e62ce872cee27dc1f16c509dec00d09a') in 0.015529 seconds 
Number of asset objects unloaded after import = 9
========================================================================
Received Import Request.
  Time since last request: 0.576946 seconds.
  path: Assets/Models/Pipe1D.fbx
  artifactKey: Guid(44bb80a806c755d419665b6a4ce0bd36) Importer(815301076,1909f56bfc062723c751e8b465ee728b)
Number of updated assets reloaded before import = 0
Start importing Assets/Models/Pipe1D.fbx using Guid(44bb80a806c755d419665b6a4ce0bd36) Importer(815301076,1909f56bfc062723c751e8b465ee728b)  -> (artifact id: '7d6a53c80d4488df13be6698bc76ef04') in 0.015706 seconds 
Number of asset objects unloaded after import = 9
========================================================================
Received Import Request.
  Time since last request: 0.732199 seconds.
  path: Assets/Models/Powerpole1_cable.fbx
  artifactKey: Guid(b881c44cdec1f7b49a8461e4fb532fda) Importer(815301076,1909f56bfc062723c751e8b465ee728b)
Number of updated assets reloaded before import = 0
Start importing Assets/Models/Powerpole1_cable.fbx using Guid(b881c44cdec1f7b49a8461e4fb532fda) Importer(815301076,1909f56bfc062723c751e8b465ee728b)  -> (artifact id: '10eb5d8725641e26a16e531b4ebbc593') in 0.014234 seconds 
Number of asset objects unloaded after import = 9
========================================================================
Received Import Request.
  Time since last request: 1.264734 seconds.
  path: Assets/Models/Powrbox1.fbx
  artifactKey: Guid(1f0ef9932716f8c448914d40148a40f7) Importer(815301076,1909f56bfc062723c751e8b465ee728b)
Number of updated assets reloaded before import = 0
Start importing Assets/Models/Powrbox1.fbx using Guid(1f0ef9932716f8c448914d40148a40f7) Importer(815301076,1909f56bfc062723c751e8b465ee728b)  -> (artifact id: '3a1d165c18129c4902758af466f2edc8') in 0.013910 seconds 
Number of asset objects unloaded after import = 9
========================================================================
Received Import Request.
  Time since last request: 0.457579 seconds.
  path: Assets/Models/Powerpole_cable50M.fbx
  artifactKey: Guid(0ae4a260905f01244b424b3cf423285e) Importer(815301076,1909f56bfc062723c751e8b465ee728b)
Number of updated assets reloaded before import = 0
Start importing Assets/Models/Powerpole_cable50M.fbx using Guid(0ae4a260905f01244b424b3cf423285e) Importer(815301076,1909f56bfc062723c751e8b465ee728b)  -> (artifact id: '99b341690e8c4cd00e6845209528e581') in 0.012597 seconds 
Number of asset objects unloaded after import = 9
========================================================================
Received Import Request.
  Time since last request: 739.239723 seconds.
  path: Assets/myGame/Material
  artifactKey: Guid(5cc1541fc7974442794ac92c7dc7be2d) Importer(815301076,1909f56bfc062723c751e8b465ee728b)
Number of updated assets reloaded before import = 0
Start importing Assets/myGame/Material using Guid(5cc1541fc7974442794ac92c7dc7be2d) Importer(815301076,1909f56bfc062723c751e8b465ee728b)  -> (artifact id: '2885feafd03c48678220d42af6d34850') in 0.001999 seconds 
Number of asset objects unloaded after import = 0
========================================================================
Received Import Request.
  Time since last request: 326.682591 seconds.
  path: Assets/Models/Brickwall1B.fbx
  artifactKey: Guid(83e16332fd53ccb438daf38b3b51cc51) Importer(815301076,1909f56bfc062723c751e8b465ee728b)
Number of updated assets reloaded before import = 0
Start importing Assets/Models/Brickwall1B.fbx using Guid(83e16332fd53ccb438daf38b3b51cc51) Importer(815301076,1909f56bfc062723c751e8b465ee728b)  -> (artifact id: '47a0275b09ae501d244819a8de94d1bb') in 0.054989 seconds 
Number of asset objects unloaded after import = 9
========================================================================
Received Import Request.
  Time since last request: 0.091130 seconds.
  path: Assets/Models/Brickwall1C.fbx
  artifactKey: Guid(18c3298325b55d44fa62a947b69af273) Importer(815301076,1909f56bfc062723c751e8b465ee728b)
Number of updated assets reloaded before import = 0
Start importing Assets/Models/Brickwall1C.fbx using Guid(18c3298325b55d44fa62a947b69af273) Importer(815301076,1909f56bfc062723c751e8b465ee728b)  -> (artifact id: '319b036eceab1da08abf223cc69eee3a') in 0.010771 seconds 
Number of asset objects unloaded after import = 9
========================================================================
Received Import Request.
  Time since last request: 0.303460 seconds.
  path: Assets/Models/Brickwall2A.fbx
  artifactKey: Guid(e5a2f8f59d96f60439bbf78842d6feab) Importer(815301076,1909f56bfc062723c751e8b465ee728b)
Number of updated assets reloaded before import = 0
Start importing Assets/Models/Brickwall2A.fbx using Guid(e5a2f8f59d96f60439bbf78842d6feab) Importer(815301076,1909f56bfc062723c751e8b465ee728b)  -> (artifact id: 'be32a287489b45be0a4fd48eb6725b9f') in 0.014202 seconds 
Number of asset objects unloaded after import = 9
========================================================================
Received Import Request.
  Time since last request: 0.712734 seconds.
  path: Assets/Models/Brickwall2B.fbx
  artifactKey: Guid(6ae1d69f152280e4fa410d50f04dd540) Importer(815301076,1909f56bfc062723c751e8b465ee728b)
Number of updated assets reloaded before import = 0
Start importing Assets/Models/Brickwall2B.fbx using Guid(6ae1d69f152280e4fa410d50f04dd540) Importer(815301076,1909f56bfc062723c751e8b465ee728b)  -> (artifact id: '341d520a00faeee1423eb7e5b4b9000e') in 0.014604 seconds 
Number of asset objects unloaded after import = 9
========================================================================
Received Import Request.
  Time since last request: 0.129263 seconds.
  path: Assets/Models/Brickwall2C.fbx
  artifactKey: Guid(98483f15031ceba44bd577dbc423343a) Importer(815301076,1909f56bfc062723c751e8b465ee728b)
Number of updated assets reloaded before import = 0
Start importing Assets/Models/Brickwall2C.fbx using Guid(98483f15031ceba44bd577dbc423343a) Importer(815301076,1909f56bfc062723c751e8b465ee728b)  -> (artifact id: '8d57100277375f8401fad8343a721f92') in 0.012370 seconds 
Number of asset objects unloaded after import = 9
========================================================================
Received Import Request.
  Time since last request: 0.147133 seconds.
  path: Assets/Models/Brickwall3A.fbx
  artifactKey: Guid(559caa4e2bd8abe48ad11007b3747447) Importer(815301076,1909f56bfc062723c751e8b465ee728b)
Number of updated assets reloaded before import = 0
Start importing Assets/Models/Brickwall3A.fbx using Guid(559caa4e2bd8abe48ad11007b3747447) Importer(815301076,1909f56bfc062723c751e8b465ee728b)  -> (artifact id: '33292b73f666eec11dc2e977b94f0b9e') in 0.011628 seconds 
Number of asset objects unloaded after import = 9
========================================================================
Received Import Request.
  Time since last request: 0.138041 seconds.
  path: Assets/Models/Brickwall3B.fbx
  artifactKey: Guid(7435294af7d546d4a8d39edf937e8f56) Importer(815301076,1909f56bfc062723c751e8b465ee728b)
Number of updated assets reloaded before import = 0
Start importing Assets/Models/Brickwall3B.fbx using Guid(7435294af7d546d4a8d39edf937e8f56) Importer(815301076,1909f56bfc062723c751e8b465ee728b)  -> (artifact id: '45ac4aa35ab7516e0d88503623631a43') in 0.011232 seconds 
Number of asset objects unloaded after import = 9
========================================================================
Received Import Request.
  Time since last request: 0.149533 seconds.
  path: Assets/Models/BridgeWood_el1.fbx
  artifactKey: Guid(e0d20122a0ce9c842938842b2720cf13) Importer(815301076,1909f56bfc062723c751e8b465ee728b)
Number of updated assets reloaded before import = 0
Start importing Assets/Models/BridgeWood_el1.fbx using Guid(e0d20122a0ce9c842938842b2720cf13) Importer(815301076,1909f56bfc062723c751e8b465ee728b)  -> (artifact id: 'cbd4c64ed35f00a0571cb6db0cf23dd9') in 0.011843 seconds 
Number of asset objects unloaded after import = 9
========================================================================
Received Import Request.
  Time since last request: 1.612722 seconds.
  path: Assets/Models/Bush1.fbx
  artifactKey: Guid(c6557f9cf9841054db1fa608bacdf3ab) Importer(815301076,1909f56bfc062723c751e8b465ee728b)
Number of updated assets reloaded before import = 0
Start importing Assets/Models/Bush1.fbx using Guid(c6557f9cf9841054db1fa608bacdf3ab) Importer(815301076,1909f56bfc062723c751e8b465ee728b)  -> (artifact id: '744ffb2e312f1b1d58ca3baf05e0972f') in 0.012979 seconds 
Number of asset objects unloaded after import = 9
========================================================================
Received Import Request.
  Time since last request: 0.272371 seconds.
  path: Assets/Models/BusStop.fbx
  artifactKey: Guid(9d4e9e4f3d837114a83f14fe35eb6865) Importer(815301076,1909f56bfc062723c751e8b465ee728b)
Number of updated assets reloaded before import = 0
Start importing Assets/Models/BusStop.fbx using Guid(9d4e9e4f3d837114a83f14fe35eb6865) Importer(815301076,1909f56bfc062723c751e8b465ee728b)  -> (artifact id: 'f790a5181006bb39c4e21bd60912af42') in 0.011989 seconds 
Number of asset objects unloaded after import = 9
========================================================================
Received Import Request.
  Time since last request: 0.401596 seconds.
  path: Assets/Models/Cabbage2.fbx
  artifactKey: Guid(b73bf9acf4b5e3142b447841fdd23a08) Importer(815301076,1909f56bfc062723c751e8b465ee728b)
Number of updated assets reloaded before import = 0
Start importing Assets/Models/Cabbage2.fbx using Guid(b73bf9acf4b5e3142b447841fdd23a08) Importer(815301076,1909f56bfc062723c751e8b465ee728b)  -> (artifact id: '1b85c71624103dcf55800da492207da2') in 0.027769 seconds 
Number of asset objects unloaded after import = 16
========================================================================
Received Import Request.
  Time since last request: 4.134612 seconds.
  path: Assets/Models/Materials
  artifactKey: Guid(05e2054f4ca62ec4198ab8bac2b28d06) Importer(815301076,1909f56bfc062723c751e8b465ee728b)
Number of updated assets reloaded before import = 0
Start importing Assets/Models/Materials using Guid(05e2054f4ca62ec4198ab8bac2b28d06) Importer(815301076,1909f56bfc062723c751e8b465ee728b)  -> (artifact id: 'c284ba9e5b4adc56bb537895f9b97f48') in 0.001612 seconds 
Number of asset objects unloaded after import = 0
========================================================================
Received Import Request.
  Time since last request: 1.144069 seconds.
  path: Assets/Models/Road6.fbx
  artifactKey: Guid(ef86367c0a4eafe47aafb2e126516822) Importer(815301076,1909f56bfc062723c751e8b465ee728b)
Number of updated assets reloaded before import = 0
Start importing Assets/Models/Road6.fbx using Guid(ef86367c0a4eafe47aafb2e126516822) Importer(815301076,1909f56bfc062723c751e8b465ee728b)  -> (artifact id: '0d6c5bc9d1fe55e4ed365628cff7bd0f') in 0.016291 seconds 
Number of asset objects unloaded after import = 9
========================================================================
Received Import Request.
  Time since last request: 0.377971 seconds.
  path: Assets/Models/Rock1.fbx
  artifactKey: Guid(98249f7e1e1c683449cca823a74cbb3e) Importer(815301076,1909f56bfc062723c751e8b465ee728b)
Number of updated assets reloaded before import = 0
Start importing Assets/Models/Rock1.fbx using Guid(98249f7e1e1c683449cca823a74cbb3e) Importer(815301076,1909f56bfc062723c751e8b465ee728b)  -> (artifact id: 'dfefac47ec85b8bfb821b816833ab1b9') in 0.135297 seconds 
Number of asset objects unloaded after import = 10
========================================================================
Received Import Request.
  Time since last request: 0.864300 seconds.
  path: Assets/Models/Signboard5.fbx
  artifactKey: Guid(18b7637777976404aab80b53043712df) Importer(815301076,1909f56bfc062723c751e8b465ee728b)
Number of updated assets reloaded before import = 0
Start importing Assets/Models/Signboard5.fbx using Guid(18b7637777976404aab80b53043712df) Importer(815301076,1909f56bfc062723c751e8b465ee728b)  -> (artifact id: '8168a37da8139ab9b18df33403f4753c') in 0.013093 seconds 
Number of asset objects unloaded after import = 9
========================================================================
Received Import Request.
  Time since last request: 0.762301 seconds.
  path: Assets/Models/Tree6.fbx
  artifactKey: Guid(585fe30591bd55043b59bc9d87f7c055) Importer(815301076,1909f56bfc062723c751e8b465ee728b)
Number of updated assets reloaded before import = 0
Start importing Assets/Models/Tree6.fbx using Guid(585fe30591bd55043b59bc9d87f7c055) Importer(815301076,1909f56bfc062723c751e8b465ee728b)  -> (artifact id: '8cd0abdcd7786e0b9c6f8c0add6cfefc') in 0.016114 seconds 
Number of asset objects unloaded after import = 9
========================================================================
Received Import Request.
  Time since last request: 3.544723 seconds.
  path: Assets/Models/Windmill1.fbx
  artifactKey: Guid(9728a225a8b16ad48913af5f8e2e5c0a) Importer(815301076,1909f56bfc062723c751e8b465ee728b)
Number of updated assets reloaded before import = 0
Start importing Assets/Models/Windmill1.fbx using Guid(9728a225a8b16ad48913af5f8e2e5c0a) Importer(815301076,1909f56bfc062723c751e8b465ee728b)  -> (artifact id: 'a37f2ea3922bba8cd7198b9b14caa458') in 0.033587 seconds 
Number of asset objects unloaded after import = 23
========================================================================
Received Import Request.
  Time since last request: 0.941853 seconds.
  path: Assets/Models/Street_el2.fbx
  artifactKey: Guid(93487139d7e5fbe4ca620865e31e277b) Importer(815301076,1909f56bfc062723c751e8b465ee728b)
Number of updated assets reloaded before import = 0
Start importing Assets/Models/Street_el2.fbx using Guid(93487139d7e5fbe4ca620865e31e277b) Importer(815301076,1909f56bfc062723c751e8b465ee728b)  -> (artifact id: '7fe57c78351979232a0fad142632c8dd') in 0.013011 seconds 
Number of asset objects unloaded after import = 9
========================================================================
Received Import Request.
  Time since last request: 2.508583 seconds.
  path: Assets/Models/Powrbox2.fbx
  artifactKey: Guid(ade0dc430a6b0d14db3744a02e5da672) Importer(815301076,1909f56bfc062723c751e8b465ee728b)
Number of updated assets reloaded before import = 0
Start importing Assets/Models/Powrbox2.fbx using Guid(ade0dc430a6b0d14db3744a02e5da672) Importer(815301076,1909f56bfc062723c751e8b465ee728b)  -> (artifact id: '0d227203d4a2c49e01b23f9e168e900b') in 0.014157 seconds 
Number of asset objects unloaded after import = 9
========================================================================
Received Import Request.
  Time since last request: 3.428297 seconds.
  path: Assets/Models/Garage1.fbx
  artifactKey: Guid(a2e4438e64f604449900e0fbba0b271e) Importer(815301076,1909f56bfc062723c751e8b465ee728b)
Number of updated assets reloaded before import = 0
Start importing Assets/Models/Garage1.fbx using Guid(a2e4438e64f604449900e0fbba0b271e) Importer(815301076,1909f56bfc062723c751e8b465ee728b)  -> (artifact id: '8d13aa9fbb9baf8a2ec6a841543ce09e') in 0.017346 seconds 
Number of asset objects unloaded after import = 9
========================================================================
Received Import Request.
  Time since last request: 119.025610 seconds.
  path: Assets/Models/House7.fbx
  artifactKey: Guid(406c809227dbdfc4cba965b28b5bbd5e) Importer(815301076,1909f56bfc062723c751e8b465ee728b)
Number of updated assets reloaded before import = 0
Start importing Assets/Models/House7.fbx using Guid(406c809227dbdfc4cba965b28b5bbd5e) Importer(815301076,1909f56bfc062723c751e8b465ee728b)  -> (artifact id: '2b15231fef9a73209606792e69c413ba') in 0.024343 seconds 
Number of asset objects unloaded after import = 9
========================================================================
Received Import Request.
  Time since last request: 11.723831 seconds.
  path: Assets/Models/House9.fbx
  artifactKey: Guid(ec3cf6362ce6a804e90ecf251f56d2f1) Importer(815301076,1909f56bfc062723c751e8b465ee728b)
Number of updated assets reloaded before import = 0
Start importing Assets/Models/House9.fbx using Guid(ec3cf6362ce6a804e90ecf251f56d2f1) Importer(815301076,1909f56bfc062723c751e8b465ee728b)  -> (artifact id: 'e1fa37ebbc3a6edd7ee9c9f657000aaf') in 0.019221 seconds 
Number of asset objects unloaded after import = 9
========================================================================
Received Import Request.
  Time since last request: 0.522728 seconds.
  path: Assets/Models/House11.fbx
  artifactKey: Guid(c92dc41ac0b4f174b971b155c29f9f78) Importer(815301076,1909f56bfc062723c751e8b465ee728b)
Number of updated assets reloaded before import = 0
Start importing Assets/Models/House11.fbx using Guid(c92dc41ac0b4f174b971b155c29f9f78) Importer(815301076,1909f56bfc062723c751e8b465ee728b)  -> (artifact id: '31e7852eaa4022de78940e3567a692f0') in 0.015442 seconds 
Number of asset objects unloaded after import = 9
========================================================================
Received Import Request.
  Time since last request: 1.118092 seconds.
  path: Assets/Models/Pipe1B.fbx
  artifactKey: Guid(adfb7e7f8ba04d94e907777e4a4be9e6) Importer(815301076,1909f56bfc062723c751e8b465ee728b)
Number of updated assets reloaded before import = 0
Start importing Assets/Models/Pipe1B.fbx using Guid(adfb7e7f8ba04d94e907777e4a4be9e6) Importer(815301076,1909f56bfc062723c751e8b465ee728b)  -> (artifact id: '0ebc980913a569cf0f93871d3cc6337a') in 0.016309 seconds 
Number of asset objects unloaded after import = 9
========================================================================
Received Import Request.
  Time since last request: 2.123925 seconds.
  path: Assets/Models/Pipe1A.fbx
  artifactKey: Guid(b04af4adf8d470740a5aad0a81c4aaea) Importer(815301076,1909f56bfc062723c751e8b465ee728b)
Number of updated assets reloaded before import = 0
Start importing Assets/Models/Pipe1A.fbx using Guid(b04af4adf8d470740a5aad0a81c4aaea) Importer(815301076,1909f56bfc062723c751e8b465ee728b)  -> (artifact id: 'e480e4051c3cf9de6b50f106a52e43e5') in 0.015536 seconds 
Number of asset objects unloaded after import = 9
========================================================================
Received Import Request.
  Time since last request: 1.823868 seconds.
  path: Assets/Models/Pallet.fbx
  artifactKey: Guid(0076582305eb0864cb280fb64a7701d8) Importer(815301076,1909f56bfc062723c751e8b465ee728b)
Number of updated assets reloaded before import = 0
Start importing Assets/Models/Pallet.fbx using Guid(0076582305eb0864cb280fb64a7701d8) Importer(815301076,1909f56bfc062723c751e8b465ee728b)  -> (artifact id: 'bc548339b3468421f7eeea5781c72452') in 0.016643 seconds 
Number of asset objects unloaded after import = 9
========================================================================
Received Import Request.
  Time since last request: 0.735606 seconds.
  path: Assets/Models/Pipe1C.fbx
  artifactKey: Guid(d99ffc8073d25dd49baf92eb19d98f91) Importer(815301076,1909f56bfc062723c751e8b465ee728b)
Number of updated assets reloaded before import = 0
Start importing Assets/Models/Pipe1C.fbx using Guid(d99ffc8073d25dd49baf92eb19d98f91) Importer(815301076,1909f56bfc062723c751e8b465ee728b)  -> (artifact id: '8a57f27d077ff0a34400a7d854bfcb3d') in 0.015053 seconds 
Number of asset objects unloaded after import = 9
========================================================================
Received Import Request.
  Time since last request: 7.460991 seconds.
  path: Assets/Models/Powerpole1.fbx
  artifactKey: Guid(85fdd84abc357ff4fb29a5d25d6277b8) Importer(815301076,1909f56bfc062723c751e8b465ee728b)
Number of updated assets reloaded before import = 0
Start importing Assets/Models/Powerpole1.fbx using Guid(85fdd84abc357ff4fb29a5d25d6277b8) Importer(815301076,1909f56bfc062723c751e8b465ee728b)  -> (artifact id: '38247c73b35fa1799ffcea107f0e1639') in 0.016953 seconds 
Number of asset objects unloaded after import = 9
========================================================================
Received Import Request.
  Time since last request: 1.088374 seconds.
  path: Assets/Models/Road8.fbx
  artifactKey: Guid(a7f7a882a6fffd44fafec4f050c85e60) Importer(815301076,1909f56bfc062723c751e8b465ee728b)
Number of updated assets reloaded before import = 0
Start importing Assets/Models/Road8.fbx using Guid(a7f7a882a6fffd44fafec4f050c85e60) Importer(815301076,1909f56bfc062723c751e8b465ee728b)  -> (artifact id: '0136f9529983ea388dd60c8e52c2a6d0') in 0.013712 seconds 
Number of asset objects unloaded after import = 9
========================================================================
Received Import Request.
  Time since last request: 0.868939 seconds.
  path: Assets/Models/Road9.fbx
  artifactKey: Guid(0bceecba57a8b514ea8c1c1a9b380394) Importer(815301076,1909f56bfc062723c751e8b465ee728b)
Number of updated assets reloaded before import = 0
Start importing Assets/Models/Road9.fbx using Guid(0bceecba57a8b514ea8c1c1a9b380394) Importer(815301076,1909f56bfc062723c751e8b465ee728b)  -> (artifact id: '94b27f91a5396d492c7237af95d0d5ed') in 0.012810 seconds 
Number of asset objects unloaded after import = 9
========================================================================
Received Import Request.
  Time since last request: 1.093207 seconds.
  path: Assets/Models/Shed2B.fbx
  artifactKey: Guid(64f98d4a604025b449e4dab6fa241fc7) Importer(815301076,1909f56bfc062723c751e8b465ee728b)
Number of updated assets reloaded before import = 0
Start importing Assets/Models/Shed2B.fbx using Guid(64f98d4a604025b449e4dab6fa241fc7) Importer(815301076,1909f56bfc062723c751e8b465ee728b)  -> (artifact id: '9cae44c20fb1bf345ba256e4cd221eef') in 0.015889 seconds 
Number of asset objects unloaded after import = 9
========================================================================
Received Import Request.
  Time since last request: 0.747496 seconds.
  path: Assets/Models/Shed2A.fbx
  artifactKey: Guid(6255399b8c91b7b4aaa9207640754830) Importer(815301076,1909f56bfc062723c751e8b465ee728b)
Number of updated assets reloaded before import = 0
Start importing Assets/Models/Shed2A.fbx using Guid(6255399b8c91b7b4aaa9207640754830) Importer(815301076,1909f56bfc062723c751e8b465ee728b)  -> (artifact id: '39e1abe6778f848cf7b214dd74ef9d11') in 0.013865 seconds 
Number of asset objects unloaded after import = 9
========================================================================
Received Import Request.
  Time since last request: 1.251960 seconds.
  path: Assets/Models/Shop.fbx
  artifactKey: Guid(3e457484fb2ce0f409f1808b13af69c3) Importer(815301076,1909f56bfc062723c751e8b465ee728b)
Number of updated assets reloaded before import = 0
Start importing Assets/Models/Shop.fbx using Guid(3e457484fb2ce0f409f1808b13af69c3) Importer(815301076,1909f56bfc062723c751e8b465ee728b)  -> (artifact id: '941b70cfac7d9078559b2895ae1870eb') in 0.016262 seconds 
Number of asset objects unloaded after import = 9
========================================================================
Received Import Request.
  Time since last request: 47.162658 seconds.
  path: Assets/Models/Watermelon1.fbx
  artifactKey: Guid(f0965bd95a30aa742ac0f61fcdf5aa1a) Importer(815301076,1909f56bfc062723c751e8b465ee728b)
Number of updated assets reloaded before import = 0
Start importing Assets/Models/Watermelon1.fbx using Guid(f0965bd95a30aa742ac0f61fcdf5aa1a) Importer(815301076,1909f56bfc062723c751e8b465ee728b)  -> (artifact id: '0e5ac0da83e9c892cb1ffb323e236f87') in 0.035261 seconds 
Number of asset objects unloaded after import = 16
========================================================================
Received Import Request.
  Time since last request: 7.492993 seconds.
  path: Assets/Models/Well.fbx
  artifactKey: Guid(21588bd3106306f4491b0d9b6aef3a57) Importer(815301076,1909f56bfc062723c751e8b465ee728b)
Number of updated assets reloaded before import = 0
Start importing Assets/Models/Well.fbx using Guid(21588bd3106306f4491b0d9b6aef3a57) Importer(815301076,1909f56bfc062723c751e8b465ee728b)  -> (artifact id: '94ef1cd34fbe71ed67f781336c728bd6') in 0.018812 seconds 
Number of asset objects unloaded after import = 9
========================================================================
Received Prepare
Registering precompiled user dll's ...
Registered in 0.001424 seconds.
Begin MonoManager ReloadAssembly
Thread 0x17e087000 may have been prematurely finalized
Native extension for OSXStandalone target not found
Refreshing native plugins compatible for Editor in 0.46 ms, found 2 plugins.
Preloading 0 native plugins for Editor in 0.00 ms.
[Package Manager] Server::EnsureServerProcessIsRunning -- launch failed, reason: Unity was launched with the -noUpm command-line argument
[Package Manager] Cannot connect to Unity Package Manager local server
Mono: successfully reloaded assembly
- Completed reload, in  1.025 seconds
Domain Reload Profiling:
	ReloadAssembly (1025ms)
		BeginReloadAssembly (141ms)
			ExecutionOrderSort (0ms)
			DisableScriptedObjects (3ms)
			BackupInstance (0ms)
			ReleaseScriptingObjects (0ms)
			CreateAndSetChildDomain (66ms)
		EndReloadAssembly (827ms)
			LoadAssemblies (54ms)
			RebuildTransferFunctionScriptingTraits (0ms)
			SetupTypeCache (191ms)
			ReleaseScriptCaches (1ms)
			RebuildScriptCaches (31ms)
			SetupLoadedEditorAssemblies (536ms)
				LogAssemblyErrors (0ms)
				InitializePlatformSupportModulesInManaged (2ms)
				SetLoadedEditorAssemblies (0ms)
				RefreshPlugins (0ms)
				BeforeProcessingInitializeOnLoad (34ms)
				ProcessInitializeOnLoadAttributes (487ms)
				ProcessInitializeOnLoadMethodAttributes (12ms)
				AfterProcessingInitializeOnLoad (1ms)
				EditorAssembliesLoaded (0ms)
			ExecutionOrderSort2 (0ms)
			AwakeInstancesAfterBackupRestoration (3ms)
Platform modules already initialized, skipping
Refreshing native plugins compatible for Editor in 0.34 ms, found 2 plugins.
Preloading 0 native plugins for Editor in 0.00 ms.
Unloading 3061 Unused Serialized files (Serialized files now loaded: 0)
Unloading 18 unused Assets / (21.9 KB). Loaded Objects now: 3579.
Memory consumption went from 122.8 MB to 122.7 MB.
Total: 2.580708 ms (FindLiveObjects: 0.165458 ms CreateObjectMapping: 0.040875 ms MarkObjects: 2.308875 ms  DeleteObjects: 0.064125 ms)

AssetImportParameters requested are different than current active one (requested -> active):
  custom:video-decoder-ogg-theora: a1e56fd34408186e4bbccfd4996cb3dc -> 
  custom:container-muxer-webm: aa71ff27fc2769a1b78a27578f13a17b -> 
  custom:container-demuxer-webm: 4f35f7cbe854078d1ac9338744f61a02 -> 
  custom:video-encoder-webm-vp8: eb34c28f22e8b96e1ab97ce403110664 -> 
  custom:framework-osx-AVFoundation: e770b220cccbd017edd2c1fefb359320 -> 
  custom:CustomObjectIndexerAttribute: bc11b3a6c3213fcdd17b65e7da85e133 -> 
  custom:audio-encoder-webm-vorbis: bf7c407c2cedff20999df2af8eb42d56 -> 
  custom:SearchIndexIgnoredProperties: e643bd26f0fe6173181afceb89e7c659 -> 
  custom:container-demuxer-ogg: 62fdf1f143b41e24485cea50d1cbac27 -> 
  custom:video-decoder-webm-vp8: 9c59270c3fd7afecdb556c50c9e8de78 -> 
  custom:audio-decoder-ogg-vorbis: bf7c407c2cedff20999df2af8eb42d56 -> 
========================================================================
Received Prepare
Registering precompiled user dll's ...
Registered in 0.001870 seconds.
Begin MonoManager ReloadAssembly
Thread 0x16fc0f000 may have been prematurely finalized
Native extension for OSXStandalone target not found
Refreshing native plugins compatible for Editor in 0.39 ms, found 2 plugins.
Preloading 0 native plugins for Editor in 0.00 ms.
[Package Manager] Server::EnsureServerProcessIsRunning -- launch failed, reason: Unity was launched with the -noUpm command-line argument
[Package Manager] Cannot connect to Unity Package Manager local server
Mono: successfully reloaded assembly
- Completed reload, in  0.986 seconds
Domain Reload Profiling:
	ReloadAssembly (986ms)
		BeginReloadAssembly (102ms)
			ExecutionOrderSort (0ms)
			DisableScriptedObjects (3ms)
			BackupInstance (0ms)
			ReleaseScriptingObjects (0ms)
			CreateAndSetChildDomain (34ms)
		EndReloadAssembly (827ms)
			LoadAssemblies (50ms)
			RebuildTransferFunctionScriptingTraits (0ms)
			SetupTypeCache (183ms)
			ReleaseScriptCaches (1ms)
			RebuildScriptCaches (30ms)
			SetupLoadedEditorAssemblies (549ms)
				LogAssemblyErrors (0ms)
				InitializePlatformSupportModulesInManaged (2ms)
				SetLoadedEditorAssemblies (0ms)
				RefreshPlugins (0ms)
				BeforeProcessingInitializeOnLoad (35ms)
				ProcessInitializeOnLoadAttributes (498ms)
				ProcessInitializeOnLoadMethodAttributes (12ms)
				AfterProcessingInitializeOnLoad (2ms)
				EditorAssembliesLoaded (0ms)
			ExecutionOrderSort2 (0ms)
			AwakeInstancesAfterBackupRestoration (3ms)
Platform modules already initialized, skipping
Refreshing native plugins compatible for Editor in 0.29 ms, found 2 plugins.
Preloading 0 native plugins for Editor in 0.00 ms.
Unloading 3061 Unused Serialized files (Serialized files now loaded: 0)
Unloading 18 unused Assets / (21.9 KB). Loaded Objects now: 3582.
Memory consumption went from 122.8 MB to 122.7 MB.
Total: 2.237583 ms (FindLiveObjects: 0.117125 ms CreateObjectMapping: 0.047917 ms MarkObjects: 2.034208 ms  DeleteObjects: 0.037958 ms)

AssetImportParameters requested are different than current active one (requested -> active):
  custom:video-decoder-ogg-theora: a1e56fd34408186e4bbccfd4996cb3dc -> 
  custom:container-muxer-webm: aa71ff27fc2769a1b78a27578f13a17b -> 
  custom:container-demuxer-webm: 4f35f7cbe854078d1ac9338744f61a02 -> 
  custom:video-encoder-webm-vp8: eb34c28f22e8b96e1ab97ce403110664 -> 
  custom:framework-osx-AVFoundation: e770b220cccbd017edd2c1fefb359320 -> 
  custom:CustomObjectIndexerAttribute: bc11b3a6c3213fcdd17b65e7da85e133 -> 
  custom:audio-encoder-webm-vorbis: bf7c407c2cedff20999df2af8eb42d56 -> 
  custom:SearchIndexIgnoredProperties: e643bd26f0fe6173181afceb89e7c659 -> 
  custom:container-demuxer-ogg: 62fdf1f143b41e24485cea50d1cbac27 -> 
  custom:video-decoder-webm-vp8: 9c59270c3fd7afecdb556c50c9e8de78 -> 
  custom:audio-decoder-ogg-vorbis: bf7c407c2cedff20999df2af8eb42d56 -> 
